G4BL_DIR=/Applications/G4beamline-3.08.app/Contents
LD_LIBRARY_PATH='/Applications/G4beamline-3.08.app/Contents/lib:'
G4LEDATA=/Users/criggall/Geant4Data/G4EMLOW8.0
G4ENSDFSTATEDATA=/Users/criggall/Geant4Data/G4ENSDFSTATE2.3
G4PARTICLEXSDATA=/Users/criggall/Geant4Data/G4PARTICLEXS4.0
G4LEVELGAMMADATA=/Users/criggall/Geant4Data/PhotonEvaporation5.7
G4RADIOACTIVEDATA=/Users/criggall/Geant4Data/RadioactiveDecay5.6
G4beamline Process ID 23464

*************************************************************
 g4beamline version: 3.08                        (Oct  8 2022)
                      Copyright : Tom Roberts, Muons, Inc.
                        License : Gnu Public License
                            WWW : http://g4beamline.muonsinc.com

          ################################
          !!! G4Backtrace is activated !!!
          ################################


**************************************************************
 Geant4 version Name: geant4-11-00-patch-02 [MT]   (25-May-2022)
                       Copyright : Geant4 Collaboration
                      References : NIM A 506 (2003), 250-303
                                 : IEEE-TNS 53 (2006), 270-278
                                 : NIM A 835 (2016), 186-225
                             WWW : http://geant4.org/
**************************************************************

param        viewer        best,1
geometry                   nPoints=100 printGeometry=0 visual=0
                           tolerance=0.002
param        ref_p         200.0
G4PhysListFactory::GetReferencePhysList <QGSP_BIC>  EMoption= 0
<<< Geant4 Physics List simulation engine: QGSP_BIC


physics      QGSP_BIC      disable= inactivate= deactivate= doStochastics=0
                           fluct=1 minRangeCut=1 list=0 gammaToMuPair=0
                           spinTracking=0 synchrotronRadiation=0
                           synchrotronRadiationMuon=0 maxTime=1e+06
reference                  particle=neutron beamX=0 beamY=0 beamZ=-3000
                           beamT=0 rotation= referenceMomentum=200 beamXp=0
                           beamYp=0 meanMomentum=200 meanXp=0 meanYp=0
                           tuneZ=-3.7e+21 tuneMomentum=-3.7e+21
                           tolerance=0.001 noEfield=0 noBfield=0 noEloss=0
                           P=200
trace                      nTrace=0 format=asciiTrace oneNTuple=0
                           primaryOnly=0 traceTune=1 filename=Ev%dTrk%d
                           file=Ev%dTrk%d require= coordinates=Centerline
beam    GAUSSIAN particle=mu+ nEvents=1 firstEvent=-1 lastEvent=2147483647 beamX=1.5 beamY=0.0 beamZ=-3000.0 maxR=1000000.0 
		meanMomentum=200.0 weight=1.000000 
		sigmaX=0.0 sigmaY=0.0 sigmaZ=0.0 sigmaXp=0.00000 sigmaYp=0.00000 
		sigmaP=0.0 sigmaT=0.000 meanXp=0.00000 meanYp=0.00000 meanT=0.000 
trackcuts                  kill= keep= killSecondaries=1 kineticEnergyCut=0
                           kineticEnergyMax=1.798e+308 maxTime=1e+06
                           keepPrimaries=0 steppingVerbose=0
param        length        300
param        inner_radius  360
param        outer_radius  500
param        current       80.46
param        spacing       700
param        pitch         0.8
param        maxStep       5.0
coil    coil    innerRadius=360.0 outerRadius=500.0 length=300.0 material=Cu 
		tolerance=0.002 nSheets=0 
		maxR=5000.0 maxZ=10000.0 dR=0.0 dZ=0.0 filename=coil.dat 
coilmap coil    tolerance=0.00200 [fraction of Bz(r=0,z=0)]
BLCoil::determineNsheets 'coil'  nSheets=12 err=0.000497
coilmap coil    nR=322 nZ=642 dR=15.6 dZ=15.6 error=0.000921
coilmap coil     DONE 2 seconds
coilmap coil    wrote file 'coil.dat'   1653872 bytes
solenoid     sol_pos       coilName=coil current=80.46 color=1,1,1 alternate=0
                           kill=0 coil=coil
solenoid     sol_neg       coilName=coil current=-80.46 color=1,1,1
                           alternate=0 kill=0 coil=coil
place   sol_pos copies=1 x=0.0 y=0.0 z=0.0 rotation='X0.8,Z240'
place   sol_neg copies=1 x=0.0 y=0.0 z=700.0 rotation='X0.8'
place   sol_pos copies=1 x=0.0 y=0.0 z=1400.0 rotation='X0.8,Z120'
place   sol_neg copies=1 x=0.0 y=0.0 z=2100.0 rotation='X0.8,Z240'
place   sol_pos copies=1 x=0.0 y=0.0 z=2800.0 rotation='X0.8'
place   sol_neg copies=1 x=0.0 y=0.0 z=3500.0 rotation='X0.8,Z120'

World size (before incrementing by 201.357 mm): 1368.1 H  1369.6 W  12000.0 L

PARAMETERS:
            Zcl=3656.97
        current=80.46
     deltaChord=3.0
deltaIntersection=0.1
   deltaOneStep=0.01
         epsMax=0.05
         epsMin=2.5e-7
 eventTimeLimit=30
    fieldVoxels=200,200,200
      histoFile=g4beamline
    histoUpdate=0
   inner_radius=360
         length=300
        maxStep=5.0
        minStep=0.01
   outer_radius=500
          pitch=0.8
          ref_p=200.0
        spacing=700
 steppingFormat=N GLOBAL CL KE STEP VOL PROCESS
steppingVerbose=0
         viewer=best,1
 wallClockLimit=-1
  worldMaterial=Vacuum
     zTolerance=2.0
Checking overlaps for volume sol_pos:0 (G4Tubs) ... OK! 
BLCMDsolenoid::Construct sol_pos parent= relZ=0.0 globZ=0.0
	global pos=0.0,0.0,0.0  Checking overlaps for volume sol_neg:0 (G4Tubs) ... OK! 
BLCMDsolenoid::Construct sol_neg parent= relZ=700.0 globZ=700.0
	global pos=0.0,0.0,700.0  Checking overlaps for volume sol_pos:0 (G4Tubs) ... OK! 
BLCMDsolenoid::Construct sol_pos parent= relZ=1400.0 globZ=1400.0
	global pos=0.0,0.0,1400.0  Checking overlaps for volume sol_neg:0 (G4Tubs) ... OK! 
BLCMDsolenoid::Construct sol_neg parent= relZ=2100.0 globZ=2100.0
	global pos=0.0,0.0,2100.0  Checking overlaps for volume sol_pos:0 (G4Tubs) ... OK! 
BLCMDsolenoid::Construct sol_pos parent= relZ=2800.0 globZ=2800.0
	global pos=0.0,0.0,2800.0  Checking overlaps for volume sol_neg:0 (G4Tubs) ... OK! 
BLCMDsolenoid::Construct sol_neg parent= relZ=3500.0 globZ=3500.0
	global pos=0.0,0.0,3500.0  ### Adding tracking cuts for neutron  TimeCut(ns)= 10000  KinEnergyCut(MeV)= 0

Geometry test nPoints=100 tolerance=0.002 mm:
Testing geometry for children of group 'World':
Total geometry errors = 0  0 seconds

================= Prepare Tune Particle(s) ===========
================= Begin Tune Particle(s) =============
**************************************************************************
*** G4Exception: EM Field Extends Outside World
***    severity: Warning
***   issued by: BLGlobalField
*** description: May give inaccurate tracking near world boundary.
***     EventID: -2     TrackID: 1   neutron  KE=21.05 MeV
**************************************************************************
fieldVoxels: nx=8 ny=8 nz=62, 3968 voxels, 6 fields
fieldVoxels: max field count is 6 fields, # voxels >5: 3968, >10: 0, >20: 0
**************************************************************************
*** G4Exception: Check number of field voxels
***    severity: Warning
***   issued by: BLGlobalField
*** description: nVoxels = 3968, max fields/voxel = 6
***     EventID: -2     TrackID: 1   neutron  KE=21.05 MeV
**************************************************************************
Run complete  1 Events  0 seconds
================== Begin Reference Particle(s) ===============
Run complete  1 Events  0 seconds
================== Prepare Visualization ==================
**************************************************************************
*** G4Exception: All stochastic processes disabled
***    severity: Warning
***   issued by: physics
**************************************************************************
Available UI session types: [ Qt, tcsh, csh ]
Visualization Manager instantiating with verbosity "warnings (3)"...
Visualization Manager initialising...
Registering graphics systems...

You have successfully registered the following graphics systems.
Registered graphics systems are:
  ASCIITree (ATree)
  DAWNFILE (DAWNFILE)
  G4HepRepFile (HepRepFile)
  RayTracer (RayTracer)
  VRML2FILE (VRML2FILE)
  gMocrenFile (gMocrenFile)
  OpenGLImmediateQt (OGLIQt, OGLI)
  OpenGLStoredQt (OGLSQt, OGL, OGLS)
  Qt3D (Qt3D)

Registering model factories...

You have successfully registered the following model factories.
Registered model factories:
  generic
  drawByAttribute
  drawByCharge
  drawByOriginVolume
  drawByParticleID
  drawByEncounteredVolume

Registered models:
  None

Registered filter factories:
  attributeFilter
  chargeFilter
  originVolumeFilter
  particleFilter
  encounteredVolumeFilter

Registered filters:
  None

You have successfully registered the following user vis actions.
Run Duration User Vis Actions: none
End of Event User Vis Actions: none
End of Run User Vis Actions: none

Some /vis commands (optionally) take a string to specify colour.
"/vis/list" to see available colours.

Selected visualization viewer: Qt
BLVisManager init: /vis/open OGLSQt
BLVisManager init: /vis/viewer/set/auxiliaryEdge true
BLVisManager init: /vis/viewer/set/style surface
BLVisManager init: /vis/viewer/set/viewpointThetaPhi 0 0 deg
BLVisManager init: /vis/drawVolume
BLVisManager init: /tracking/storeTrajectory 1
BLVisManager init: /vis/scene/add/trajectories
/tracking/storeTrajectory 1
Attributes available for modeling and filtering with
  "/vis/modeling/trajectories/create/drawByAttribute" and
  "/vis/filtering/trajectories/create/attributeFilter" commands:
G4TrajectoriesModel:
  Event ID (EventID): G4int
  Run ID (RunID): G4int
G4Trajectory:
  Charge (Ch): unit: e+ (G4double)
  Track ID (ID): G4int
  Initial kinetic energy (IKE): G4BestUnit (G4double)
  Initial momentum magnitude (IMag): G4BestUnit (G4double)
  Initial momentum (IMom): G4BestUnit (G4ThreeVector)
  No. of points (NTP): G4int
  PDG Encoding (PDG): G4int
  Parent ID (PID): G4int
  Particle Name (PN): G4String
G4TrajectoryPoint:
  Position (Pos): G4BestUnit (G4ThreeVector)
WARNING: Trajectory storing has been requested.  This action may be
  reversed with "/tracking/storeTrajectory 0".
BLVisManager init: /vis/scene/endOfEventAction accumulate -1
WARNING: The vis manager will keep an unlimited number of events.
  This may use a lot of memory.
  It may be changed with, e.g., "/vis/scene/endOfEventAction accumulate 10".
BLVisManager init: /vis/viewer/set/hiddenMarker true

WARNING: No extent set for user vis action "DrawMarkers".
WARNING: User Vis Action "DrawMarkers" extent is null.
 Changing export format to "jpg"

Graphics systems deleted.
Visualization Manager deleting...

Exceptions: 0 Fatal, 0 Events Aborted, 0 Stuck Tracks (stopped), 3 Warnings
      1 times: All stochastic processes disabled
      1 times: Check number of field voxels
      1 times: EM Field Extends Outside World
g4beamline: simulation complete
