G4BL_DIR=/Applications/G4beamline-3.08.app/Contents
LD_LIBRARY_PATH='/Applications/G4beamline-3.08.app/Contents/lib:'
G4ABLADATA=/Users/criggall/Geant4Data/G4ABLA3.1
G4LEDATA=/Users/criggall/Geant4Data/G4EMLOW8.0
G4ENSDFSTATEDATA=/Users/criggall/Geant4Data/G4ENSDFSTATE2.3
G4INCLDATA=/Users/criggall/Geant4Data/G4INCL1.0
G4NEUTRONHPDATA=/Users/criggall/Geant4Data/G4NDL4.6
G4PARTICLEXSDATA=/Users/criggall/Geant4Data/G4PARTICLEXS4.0
G4PIIDATA=/Users/criggall/Geant4Data/G4PII1.3
G4LEVELGAMMADATA=/Users/criggall/Geant4Data/PhotonEvaporation5.7
G4RADIOACTIVEDATA=/Users/criggall/Geant4Data/RadioactiveDecay5.6
G4REALSURFACEDATA=/Users/criggall/Geant4Data/RealSurface2.2
G4SAIDXSDATA=/Users/criggall/Geant4Data/G4SAIDDATA2.0
G4TENDLDATA=/Users/criggall/Geant4Data/G4TENDL1.4
G4LENDDATA=/Users/criggall/Geant4Data/LEND_GND1.3_ENDF.BVII.1
G4beamline Process ID 19785

*************************************************************
 g4beamline version: 3.08                        (Oct  8 2022)
                      Copyright : Tom Roberts, Muons, Inc.
                        License : Gnu Public License
                            WWW : http://g4beamline.muonsinc.com

          ################################
          !!! G4Backtrace is activated !!!
          ################################


**************************************************************
 Geant4 version Name: geant4-11-00-patch-02 [MT]   (25-May-2022)
                       Copyright : Geant4 Collaboration
                      References : NIM A 506 (2003), 250-303
                                 : IEEE-TNS 53 (2006), 270-278
                                 : NIM A 835 (2016), 186-225
                             WWW : http://geant4.org/
**************************************************************

param        viewer        best,1
geometry                   nPoints=100 printGeometry=0 visual=0
                           tolerance=0.002
param        m             105.7
param        c             2.997925e+08
param        p             230
param        v             2.7240357e+08
param        sol_current   90
param        period_len    4200
beam    GAUSSIAN particle=mu+ nEvents=100 firstEvent=-1 lastEvent=2147483647 beamX=0.0 beamY=0.0 beamZ=-700.0 maxR=1000000.0 
		meanMomentum=230.0 weight=1.000000 
		sigmaX=10.0 sigmaY=10.0 sigmaZ=0.0 sigmaXp=0.10000 sigmaYp=0.10000 
		sigmaP=4.0 sigmaT=0.000 meanXp=0.00000 meanYp=0.00000 meanT=0.000 
reference                  particle=mu+ beamX=0 beamY=0 beamZ=0 beamT=0
                           rotation= referenceMomentum=230 beamXp=0 beamYp=0
                           meanMomentum=230 meanXp=0 meanYp=0 tuneZ=-3.7e+21
                           tuneMomentum=-3.7e+21 tolerance=0.001 noEfield=0
                           noBfield=0 noEloss=0 P=230
trace                      nTrace=0 format=asciiTrace oneNTuple=0
                           primaryOnly=0 traceTune=1
                           filename=TraceParticle.txt file=TraceParticle.txt
                           require= coordinates=Centerline
virtualdetector Det1       radius=360 innerRadius=0 height=720 width=720
                           length=0.001 maxStep=100 material=Vacuum
                           color=0,1,0 noSingles=0 format=bltrackfile
                           filename=out1 file=out1 require=
                           referenceParticle=0 coordinates=Centerline kill=0
virtualdetector Det2       radius=360 innerRadius=0 height=720 width=720
                           length=0.001 maxStep=100 material=Vacuum
                           color=0,1,0 noSingles=0 format=bltrackfile
                           filename=out2 file=out2 require=
                           referenceParticle=0 coordinates=Centerline kill=0
virtualdetector Det3       radius=360 innerRadius=0 height=720 width=720
                           length=0.001 maxStep=100 material=Vacuum
                           color=0,1,0 noSingles=0 format=bltrackfile
                           filename=out3 file=out3 require=
                           referenceParticle=0 coordinates=Centerline kill=0
virtualdetector Det4       radius=360 innerRadius=0 height=720 width=720
                           length=0.001 maxStep=100 material=Vacuum
                           color=0,1,0 noSingles=0 format=bltrackfile
                           filename=out4 file=out4 require=
                           referenceParticle=0 coordinates=Centerline kill=0
virtualdetector Det5       radius=360 innerRadius=0 height=720 width=720
                           length=0.001 maxStep=100 material=Vacuum
                           color=0,1,0 noSingles=0 format=bltrackfile
                           filename=out5 file=out5 require=
                           referenceParticle=0 coordinates=Centerline kill=0
coil    coil    innerRadius=420.0 outerRadius=600.0 length=300.0 material=Cu 
		tolerance=0.003 nSheets=10 
		maxR=360.0 maxZ=6000.0 dR=15.0 dZ=15.0 filename=coil.dat 
coilmap coil    tolerance=0.00300 [fraction of Bz(r=0,z=0)]
coilmap coil    read file 'coil.dat'  dR=15.0 dZ=15.0
solenoid     SolPos        coilName=coil current=90 color=0,1,1 alternate=0
                           kill=0 coil=coil
solenoid     SolNeg        coilName=coil current=-90 color=0,1,0 alternate=0
                           kill=0 coil=coil
param        num           0
place   SolPos  copies=1 x=0.0 y=0.0 z=0.0 
place   SolNeg  copies=1 x=0.0 y=0.0 z=700.0 
place   SolPos  copies=1 x=0.0 y=0.0 z=1400.0 
place   SolNeg  copies=1 x=0.0 y=0.0 z=2100.0 
place   SolPos  copies=1 x=0.0 y=0.0 z=2800.0 
place   SolNeg  copies=1 x=0.0 y=0.0 z=2800.0 
param        num           1
place   SolPos  copies=1 x=0.0 y=0.0 z=4200.0 
place   SolNeg  copies=1 x=0.0 y=0.0 z=4900.0 
place   SolPos  copies=1 x=0.0 y=0.0 z=5600.0 
place   SolNeg  copies=1 x=0.0 y=0.0 z=6300.0 
place   SolPos  copies=1 x=0.0 y=0.0 z=7000.0 
place   SolNeg  copies=1 x=0.0 y=0.0 z=7000.0 
param        num           2
place   SolPos  copies=1 x=0.0 y=0.0 z=8400.0 
place   SolNeg  copies=1 x=0.0 y=0.0 z=9100.0 
place   SolPos  copies=1 x=0.0 y=0.0 z=9800.0 
place   SolNeg  copies=1 x=0.0 y=0.0 z=10500.0 
place   SolPos  copies=1 x=0.0 y=0.0 z=11200.0 
place   SolNeg  copies=1 x=0.0 y=0.0 z=11200.0 
param        num           3
place   SolPos  copies=1 x=0.0 y=0.0 z=12600.0 
place   SolNeg  copies=1 x=0.0 y=0.0 z=13300.0 
place   SolPos  copies=1 x=0.0 y=0.0 z=14000.0 
place   SolNeg  copies=1 x=0.0 y=0.0 z=14700.0 
place   SolPos  copies=1 x=0.0 y=0.0 z=15400.0 
place   SolNeg  copies=1 x=0.0 y=0.0 z=15400.0 
place   Det1    copies=1 x=0.0 y=0.0 z=0.0 
place   Det2    copies=1 x=0.0 y=0.0 z=4200.0 
place   Det3    copies=1 x=0.0 y=0.0 z=8400.0 
place   Det4    copies=1 x=0.0 y=0.0 z=12600.0 
place   Det5    copies=1 x=0.0 y=0.0 z=16800.0 

World size (before incrementing by 201.357 mm): 1200.0 H  1200.0 W  33600.0 L

PARAMETERS:
            Zcl=16800
              c=2.997925e+08
     deltaChord=3.0
deltaIntersection=0.1
   deltaOneStep=0.01
         epsMax=0.05
         epsMin=2.5e-7
 eventTimeLimit=30
    fieldVoxels=200,200,200
      histoFile=g4beamline
    histoUpdate=0
              m=105.7
        maxStep=100.0
        minStep=0.01
            num=3
              p=230
     period_len=4200
    sol_current=90
 steppingFormat=N GLOBAL CL KE STEP VOL PROCESS
steppingVerbose=0
              v=2.7240357e+08
         viewer=best,1
 wallClockLimit=-1
  worldMaterial=Vacuum
     zTolerance=2.0
**************************************************************************
*** G4Exception: No physics registered
***    severity: Warning
***   issued by: BLManager
*** description: Using default physics list.
**************************************************************************
default physics list is FTFP_BERT
G4PhysListFactory::GetReferencePhysList <FTFP_BERT>  EMoption= 0
<<< Geant4 Physics List simulation engine: FTFP_BERT


physics      FTFP_BERT     disable= inactivate= deactivate= doStochastics=1
                           fluct=1 minRangeCut=1 list=0 gammaToMuPair=0
                           spinTracking=0 synchrotronRadiation=0
                           synchrotronRadiationMuon=0 maxTime=1e+06
Checking overlaps for volume SolPos:0 (G4Tubs) ... OK! 
BLCMDsolenoid::Construct SolPos parent= relZ=0.0 globZ=0.0
	global pos=0.0,0.0,0.0  Checking overlaps for volume SolNeg:0 (G4Tubs) ... OK! 
BLCMDsolenoid::Construct SolNeg parent= relZ=700.0 globZ=700.0
	global pos=0.0,0.0,700.0  Checking overlaps for volume SolPos:0 (G4Tubs) ... OK! 
BLCMDsolenoid::Construct SolPos parent= relZ=1400.0 globZ=1400.0
	global pos=0.0,0.0,1400.0  Checking overlaps for volume SolNeg:0 (G4Tubs) ... OK! 
BLCMDsolenoid::Construct SolNeg parent= relZ=2100.0 globZ=2100.0
	global pos=0.0,0.0,2100.0  Checking overlaps for volume SolPos:0 (G4Tubs) ... OK! 
BLCMDsolenoid::Construct SolPos parent= relZ=2800.0 globZ=2800.0
	global pos=0.0,0.0,2800.0  **************************************************************************
*** G4Exception: GeomVol1002
***    severity: Warning
***   issued by: G4PVPlacement::CheckOverlaps()
*** description: Overlap with volume already placed !
          Overlap is detected for volume SolNeg:0 (G4Tubs)
          apparently fully encapsulating volume SolPos:0 (G4Tubs) at the same level!
NOTE: Reached maximum fixed number -1- of overlaps reports for this volume !
**************************************************************************
BLCMDsolenoid::Construct SolNeg parent= relZ=2800.0 globZ=2800.0
	global pos=0.0,0.0,2800.0  Checking overlaps for volume SolNeg:0 (G4Tubs) ... Checking overlaps for volume SolPos:0 (G4Tubs) ... OK! 
BLCMDsolenoid::Construct SolPos parent= relZ=4200.0 globZ=4200.0
	global pos=0.0,0.0,4200.0  Checking overlaps for volume SolNeg:0 (G4Tubs) ... OK! 
BLCMDsolenoid::Construct SolNeg parent= relZ=4900.0 globZ=4900.0
	global pos=0.0,0.0,4900.0  Checking overlaps for volume SolPos:0 (G4Tubs) ... OK! 
BLCMDsolenoid::Construct SolPos parent= relZ=5600.0 globZ=5600.0
	global pos=0.0,0.0,5600.0  Checking overlaps for volume SolNeg:0 (G4Tubs) ... OK! 
BLCMDsolenoid::Construct SolNeg parent= relZ=6300.0 globZ=6300.0
	global pos=0.0,0.0,6300.0  Checking overlaps for volume SolPos:0 (G4Tubs) ... OK! 
BLCMDsolenoid::Construct SolPos parent= relZ=7000.0 globZ=7000.0
	global pos=0.0,0.0,7000.0  **************************************************************************
*** G4Exception: GeomVol1002
***    severity: Warning
***   issued by: G4PVPlacement::CheckOverlaps()
*** description: Overlap with volume already placed !
          Overlap is detected for volume SolNeg:0 (G4Tubs)
          apparently fully encapsulating volume SolPos:0 (G4Tubs) at the same level!
NOTE: Reached maximum fixed number -1- of overlaps reports for this volume !
**************************************************************************
BLCMDsolenoid::Construct SolNeg parent= relZ=7000.0 globZ=7000.0
	global pos=0.0,0.0,7000.0  Checking overlaps for volume SolNeg:0 (G4Tubs) ... Checking overlaps for volume SolPos:0 (G4Tubs) ... OK! 
BLCMDsolenoid::Construct SolPos parent= relZ=8400.0 globZ=8400.0
	global pos=0.0,0.0,8400.0  Checking overlaps for volume SolNeg:0 (G4Tubs) ... OK! 
BLCMDsolenoid::Construct SolNeg parent= relZ=9100.0 globZ=9100.0
	global pos=0.0,0.0,9100.0  Checking overlaps for volume SolPos:0 (G4Tubs) ... OK! 
BLCMDsolenoid::Construct SolPos parent= relZ=9800.0 globZ=9800.0
	global pos=0.0,0.0,9800.0  Checking overlaps for volume SolNeg:0 (G4Tubs) ... OK! 
BLCMDsolenoid::Construct SolNeg parent= relZ=10500.0 globZ=10500.0
	global pos=0.0,0.0,10500.0  Checking overlaps for volume SolPos:0 (G4Tubs) ... OK! 
BLCMDsolenoid::Construct SolPos parent= relZ=11200.0 globZ=11200.0
	global pos=0.0,0.0,11200.0  **************************************************************************
*** G4Exception: GeomVol1002
***    severity: Warning
***   issued by: G4PVPlacement::CheckOverlaps()
*** description: Overlap with volume already placed !
          Overlap is detected for volume SolNeg:0 (G4Tubs)
          apparently fully encapsulating volume SolPos:0 (G4Tubs) at the same level!
NOTE: Reached maximum fixed number -1- of overlaps reports for this volume !
**************************************************************************
BLCMDsolenoid::Construct SolNeg parent= relZ=11200.0 globZ=11200.0
	global pos=0.0,0.0,11200.0  Checking overlaps for volume SolNeg:0 (G4Tubs) ... Checking overlaps for volume SolPos:0 (G4Tubs) ... OK! 
BLCMDsolenoid::Construct SolPos parent= relZ=12600.0 globZ=12600.0
	global pos=0.0,0.0,12600.0  Checking overlaps for volume SolNeg:0 (G4Tubs) ... OK! 
BLCMDsolenoid::Construct SolNeg parent= relZ=13300.0 globZ=13300.0
	global pos=0.0,0.0,13300.0  Checking overlaps for volume SolPos:0 (G4Tubs) ... OK! 
BLCMDsolenoid::Construct SolPos parent= relZ=14000.0 globZ=14000.0
	global pos=0.0,0.0,14000.0  Checking overlaps for volume SolNeg:0 (G4Tubs) ... OK! 
BLCMDsolenoid::Construct SolNeg parent= relZ=14700.0 globZ=14700.0
	global pos=0.0,0.0,14700.0  Checking overlaps for volume SolPos:0 (G4Tubs) ... OK! 
BLCMDsolenoid::Construct SolPos parent= relZ=15400.0 globZ=15400.0
	global pos=0.0,0.0,15400.0  **************************************************************************
*** G4Exception: GeomVol1002
***    severity: Warning
***   issued by: G4PVPlacement::CheckOverlaps()
*** description: Overlap with volume already placed !
          Overlap is detected for volume SolNeg:0 (G4Tubs)
          apparently fully encapsulating volume SolPos:0 (G4Tubs) at the same level!
NOTE: Reached maximum fixed number -1- of overlaps reports for this volume !
**************************************************************************
BLCMDsolenoid::Construct SolNeg parent= relZ=15400.0 globZ=15400.0
	global pos=0.0,0.0,15400.0  Checking overlaps for volume SolNeg:0 (G4Tubs) ... Checking overlaps for volume Det1:0 (G4Tubs) ... OK! 
BLCMDvirtualdetector::Construct Det1 parent= relZ=0.0 globZ=0.0
Checking overlaps for volume Det2:0 (G4Tubs) ... OK! 
BLCMDvirtualdetector::Construct Det2 parent= relZ=4200.0 globZ=4200.0
Checking overlaps for volume Det3:0 (G4Tubs) ... OK! 
BLCMDvirtualdetector::Construct Det3 parent= relZ=8400.0 globZ=8400.0
Checking overlaps for volume Det4:0 (G4Tubs) ... OK! 
BLCMDvirtualdetector::Construct Det4 parent= relZ=12600.0 globZ=12600.0
Checking overlaps for volume Det5:0 (G4Tubs) ... OK! 
BLCMDvirtualdetector::Construct Det5 parent= relZ=16800.0 globZ=16800.0
### Adding tracking cuts for neutron  TimeCut(ns)= 10000  KinEnergyCut(MeV)= 0

Geometry test nPoints=100 tolerance=0.002 mm:
Testing geometry for children of group 'World':
Total geometry errors = 0  0 seconds

================= Prepare Tune Particle(s) ===========
================= Begin Tune Particle(s) =============
**************************************************************************
*** G4Exception: EM Field Extends Outside World
***    severity: Warning
***   issued by: BLGlobalField
*** description: May give inaccurate tracking near world boundary.
***     EventID: -2     TrackID: 1   mu+  KE=147.4 MeV
**************************************************************************
fieldVoxels: nx=4 ny=4 nz=116, 1856 voxels, 24 fields
fieldVoxels: max field count is 18 fields, # voxels >5: 1632, >10: 1152, >20: 0
**************************************************************************
*** G4Exception: Check number of field voxels
***    severity: Warning
***   issued by: BLGlobalField
*** description: nVoxels = 1856, max fields/voxel = 18
***     EventID: -2     TrackID: 1   mu+  KE=147.4 MeV
**************************************************************************
Run complete  1 Events  0 seconds
================== Begin Reference Particle(s) ===============
Run complete  1 Events  0 seconds
================== Prepare Visualization ==================
Stochastic processes are enabled.
Available UI session types: [ Qt, tcsh, csh ]
Visualization Manager instantiating with verbosity "warnings (3)"...
Visualization Manager initialising...
Registering graphics systems...

You have successfully registered the following graphics systems.
Registered graphics systems are:
  ASCIITree (ATree)
  DAWNFILE (DAWNFILE)
  G4HepRepFile (HepRepFile)
  RayTracer (RayTracer)
  VRML2FILE (VRML2FILE)
  gMocrenFile (gMocrenFile)
  OpenGLImmediateQt (OGLIQt, OGLI)
  OpenGLStoredQt (OGLSQt, OGL, OGLS)
  Qt3D (Qt3D)

Registering model factories...

You have successfully registered the following model factories.
Registered model factories:
  generic
  drawByAttribute
  drawByCharge
  drawByOriginVolume
  drawByParticleID
  drawByEncounteredVolume

Registered models:
  None

Registered filter factories:
  attributeFilter
  chargeFilter
  originVolumeFilter
  particleFilter
  encounteredVolumeFilter

Registered filters:
  None

You have successfully registered the following user vis actions.
Run Duration User Vis Actions: none
End of Event User Vis Actions: none
End of Run User Vis Actions: none

Some /vis commands (optionally) take a string to specify colour.
"/vis/list" to see available colours.

Selected visualization viewer: Qt
BLVisManager init: /vis/open OGLSQt
BLVisManager init: /vis/viewer/set/auxiliaryEdge true
BLVisManager init: /vis/viewer/set/style surface
BLVisManager init: /vis/viewer/set/viewpointThetaPhi 0 0 deg
BLVisManager init: /vis/drawVolume
BLVisManager init: /tracking/storeTrajectory 1
BLVisManager init: /vis/scene/add/trajectories
/tracking/storeTrajectory 1
Attributes available for modeling and filtering with
  "/vis/modeling/trajectories/create/drawByAttribute" and
  "/vis/filtering/trajectories/create/attributeFilter" commands:
G4TrajectoriesModel:
  Event ID (EventID): G4int
  Run ID (RunID): G4int
G4Trajectory:
  Charge (Ch): unit: e+ (G4double)
  Track ID (ID): G4int
  Initial kinetic energy (IKE): G4BestUnit (G4double)
  Initial momentum magnitude (IMag): G4BestUnit (G4double)
  Initial momentum (IMom): G4BestUnit (G4ThreeVector)
  No. of points (NTP): G4int
  PDG Encoding (PDG): G4int
  Parent ID (PID): G4int
  Particle Name (PN): G4String
G4TrajectoryPoint:
  Position (Pos): G4BestUnit (G4ThreeVector)
WARNING: Trajectory storing has been requested.  This action may be
  reversed with "/tracking/storeTrajectory 0".
BLVisManager init: /vis/scene/endOfEventAction accumulate -1
WARNING: The vis manager will keep an unlimited number of events.
  This may use a lot of memory.
  It may be changed with, e.g., "/vis/scene/endOfEventAction accumulate 10".
BLVisManager init: /vis/viewer/set/hiddenMarker true

WARNING: No extent set for user vis action "DrawMarkers".
WARNING: User Vis Action "DrawMarkers" extent is null.
 Changing export format to "jpg"
2025-03-12 16:35:04.609 g4bl[19785:1714245] +[IMKClient subclass]: chose IMKClient_Modern
2025-03-12 16:35:04.609 g4bl[19785:1714245] +[IMKInputSession subclass]: chose IMKInputSession_Modern

Graphics systems deleted.
Visualization Manager deleting...

Exceptions: 0 Fatal, 0 Events Aborted, 0 Stuck Tracks (stopped), 7 Warnings
      1 times: Check number of field voxels
      1 times: EM Field Extends Outside World
      4 times: GeomVol1002
      1 times: No physics registered
g4beamline: simulation complete
