Error: cannot open file "iostream"  (tmpfile):2:
*** Interpreter error recovered ***
G4BL_DIR=/Users/g4bl/G4beamline-3.05/G4beamline-3.05.app/Contents
G4beamline Process ID 55745

*************************************************************
 g4beamline version: 3.05                        (Jul 27 2018)
                      Copyright : Tom Roberts, Muons, Inc.
                        License : Gnu Public License
                            WWW : http://g4beamline.muonsinc.com
*************************************************************
 Geant4 version Name: geant4-10-03    (9-December-2016)
                      Copyright : Geant4 Collaboration
                      Reference : NIM A 506 (2003), 250-303
                            WWW : http://cern.ch/geant4
*************************************************************

param        viewer        best,99
geometry                   nPoints=100 printGeometry=0 visual=0
                           tolerance=0.002
*	Example1.g4bl - simple first example
*
* Simple example g4beamline input file:
*	a 200 MeV mu+ Gaussian beam is tracked through 1-meter drift
*	spaces into four detectors
G4PhysListFactory::GetReferencePhysList <QGSP_BERT>  EMoption= 0
<<< Geant4 Physics List simulation engine: QGSP_BERT 4.0

<<< Reference Physics List QGSP_BERT is built

physics      QGSP_BERT     disable= inactivate= deactivate= doStochastics=1
                           fluct=1 minRangeCut=1 list=0 gammaToMuPair=0
                           spinTracking=0 synchrotronRadiation=0
                           synchrotronRadiationMuon=0 maxTime=1e+06
beam    GAUSSIAN particle=mu+ nEvents=1000 firstEvent=-1 lastEvent=2147483647 beamX=0.0 beamY=0.0 beamZ=0.0 maxR=1000000.0 
		meanMomentum=200.0 weight=1.000000 
		sigmaX=10.0 sigmaY=10.0 sigmaZ=0.0 sigmaXp=0.10000 sigmaYp=0.10000 
		sigmaP=4.0 sigmaT=0.000 meanXp=0.00000 meanYp=0.00000 meanT=0.000 
reference                  particle=mu+ beamX=0 beamY=0 beamZ=0 beamT=0
                           rotation= referenceMomentum=200 beamXp=0 beamYp=0
                           meanMomentum=200 meanXp=0 meanYp=0 tuneZ=-3.7e+21
                           tuneMomentum=-3.7e+21 tolerance=0.001 noEfield=0
                           noBfield=0 noEloss=0 P=200
box          BeamVis       height=100 width=100 length=10 maxStep=100
                           material=Vacuum color=1,0,0 kill=0
place   BeamVis copies=1 x=0.0 y=0.0 z=0.0 
virtualdetector Det        radius=1000 innerRadius=0 height=2000 width=2000
                           length=10 maxStep=100 material= color=0,1,0
                           noSingles=0 format= filename= file= require=
                           referenceParticle=0 coordinates=Centerline kill=0
place   Det     copies=1 x=0.0 y=0.0 z=1000.0 rename='Det#'
place   Det     copies=1 x=0.0 y=0.0 z=2000.0 rename='Det#'
place   Det     copies=1 x=0.0 y=0.0 z=3000.0 rename='Det#'
place   Det     copies=1 x=0.0 y=0.0 z=4000.0 rename='Det#'
label                      text=Example1.g4bl color=1,1,1 size=12
                           coordinates=global file= line=0

World size (before incrementing by 201.357 mm): 2000.0 H  2000.0 W  8010.0 L

PARAMETERS:
            Zcl=4005
     deltaChord=3.0
deltaIntersection=0.1
   deltaOneStep=0.01
         epsMax=0.05
         epsMin=2.5e-7
 eventTimeLimit=30
    fieldVoxels=200,200,200
      histoFile=g4beamline
    histoUpdate=0
        maxStep=100.0
        minStep=0.01
 steppingFormat=N GLOBAL CL KE STEP VOL PROCESS
steppingVerbose=0
         viewer=best,99
 wallClockLimit=-1
  worldMaterial=Vacuum
     zTolerance=2.0
Checking overlaps for volume BeamVis ... OK! 
BLCMDbox::Construct BeamVis parent= relZ=0.0 globZ=0.0
	zmin=-5.0 zmax=5.0
Checking overlaps for volume Det1 ... OK! 
BLCMDvirtualdetector::Construct Det1 parent= relZ=1000.0 globZ=1000.0
Checking overlaps for volume Det2 ... OK! 
BLCMDvirtualdetector::Construct Det2 parent= relZ=2000.0 globZ=2000.0
Checking overlaps for volume Det3 ... OK! 
BLCMDvirtualdetector::Construct Det3 parent= relZ=3000.0 globZ=3000.0
Checking overlaps for volume Det4 ... OK! 
BLCMDvirtualdetector::Construct Det4 parent= relZ=4000.0 globZ=4000.0
=======================================================================
======       Pre-compound/De-excitation Physics Parameters     ========
=======================================================================
Type of pre-compound inverse x-section              3
Type of de-excitation inverse x-section             3
Min excitation energy (keV)                         0.1
Level density (1/MeV)                               0.1
Time limit for long lived isomeres (ns)             1e+07
Correlated gamma emission flag                      0
=======================================================================
### Adding tracking cuts for neutron  TimeCut(ns)= 10000  KinEnergyCut(MeV)= 0

Geometry test nPoints=100 tolerance=0.002 mm:
Testing geometry for children of group 'World':
Total geometry errors = 0  0 seconds

================= Prepare Tune Particle(s) ===========
================= Begin Tune Particle(s) =============
Run complete  1 Events  0 seconds
================== Begin Reference Particle(s) ===============
Run complete  1 Events  0 seconds
================== Prepare Visualization ==================
Stochastic processes are enabled.
Available UI session types: [ Qt, GAG, tcsh, csh ]
Visualization Manager instantiating with verbosity "warnings (3)"...
Visualization Manager initialising...
Registering graphics systems...

You have successfully registered the following graphics systems.
Current available graphics systems are:
ASCIITree (ATree)
DAWNFILE (DAWNFILE)
G4HepRep (HepRepXML)
G4HepRepFile (HepRepFile)
RayTracer (RayTracer)
VRML1FILE (VRML1FILE)
VRML2FILE (VRML2FILE)
gMocrenFile (gMocrenFile)
OpenGLImmediateQt (OGLIQt, OGLI)
OpenGLStoredQt (OGLSQt, OGL, OGLS)
RayTracerX (RayTracerX)

Registering model factories...

You have successfully registered the following model factories.
Registered model factories:
  generic
  drawByAttribute
  drawByCharge
  drawByOriginVolume
  drawByParticleID
  drawByEncounteredVolume

Registered filter factories:
  attributeFilter
  chargeFilter
  originVolumeFilter
  particleFilter
  encounteredVolumeFilter

You have successfully registered the following user vis actions.
Run Duration User Vis Actions: none
End of Event User Vis Actions: none
End of Run User Vis Actions: none

Some /vis commands (optionally) take a string to specify colour.
Available colours:
  black, blue, brown, cyan, gray, green, grey, magenta, red, white, yellow


Selected visualization viewer: Qt
BLVisManager init: /vis/open OGLSQt
BLVisManager init: /vis/viewer/set/auxiliaryEdge true
BLVisManager init: /vis/viewer/set/style surface
BLVisManager init: /vis/viewer/set/viewpointThetaPhi 0 0 deg
BLVisManager init: /vis/drawVolume
BLVisManager init: /tracking/storeTrajectory 1
BLVisManager init: /vis/scene/add/trajectories
/tracking/storeTrajectory 1
Attributes available for modeling and filtering with
  "/vis/modeling/trajectories/create/drawByAttribute" and
  "/vis/filtering/trajectories/create/attributeFilter" commands:
G4TrajectoriesModel:
  Event ID (EventID): G4int
  Run ID (RunID): G4int
G4Trajectory:
  Charge (Ch): unit: e+ (G4double)
  Track ID (ID): G4int
  Initial kinetic energy (IKE): G4BestUnit (G4double)
  Initial momentum magnitude (IMag): G4BestUnit (G4double)
  Initial momentum (IMom): G4BestUnit (G4ThreeVector)
  No. of points (NTP): G4int
  PDG Encoding (PDG): G4int
  Parent ID (PID): G4int
  Particle Name (PN): G4String
G4TrajectoryPoint:
  Position (Pos): G4BestUnit (G4ThreeVector)
WARNING: Trajectory storing has been requested.  This action may be
  reversed with "/tracking/storeTrajectory 0".
BLVisManager init: /vis/scene/endOfEventAction accumulate -1
WARNING: The vis manager will keep an unlimited number of events.
  This may use a lot of memory.
  It may be changed with, e.g., "/vis/scene/endOfEventAction accumulate 10".
BLVisManager init: /vis/viewer/set/hiddenMarker true

WARNING: No extent set for user vis action "SetUserAction".
WARNING: User Vis Action extent is null.
WARNING: For some reason, possibly mentioned above, it has not been
  possible to add to the scene.
G4VisManager: Using G4TrajectoryDrawByCharge as fallback trajectory model.
See commands in /vis/modeling/trajectories/ for other options.
WARNING: 99 events have been kept for refreshing and/or reviewing.

  "/vis/reviewKeptEvents" to review them one by one.
  "/vis/viewer/flush" or "/vis/viewer/rebuild" to see them accumulated.

Graphics systems deleted.
Visualization Manager deleting...

Exceptions: 0 Fatal, 0 Events Aborted, 0 Stuck Tracks (stopped), 0 Warnings
g4beamline: simulation complete
