 #VirtualDetector/Det1                                                           
  output from Emitcalc version 1.0
  settings: 
    input file: for009.dat                              
    output file: emitcalc.out                            
    particle type:            2
    pzmin/pzmax:   0.10000000000000001      /  0.34999999999999998     
    vp model:            1
    trans/long cuts:    0.0000000000000000        0.0000000000000000     
    do not remove linear dispersions
    subtract out amplitude correlation
    not periodic in time
    sigma cut:    0.0000000000000000     

regn #   Z           Bz0         <Pz>        <Lcanon>    <x>         <y>         <t>         total #     # in cuts   emit_1      emit_2      emit_3      e_perp      e_long      beta_perp   alpha_perp  Ldim        beta_long   alpha_long  D_x         D_y         Corr_E      Corr_t      sigma_E     asymmetry
     1 -0.6950E+00  0.0000E+00  0.2596E+00 -0.7947E-03 -0.5224E-02 -0.2097E-02  0.4058E-06  0.5069E+04  0.5069E+04  0.2041E-01  0.1279E-01  0.5615E+01  0.1616E-01  0.5615E+01  0.8803E+00  0.4101E-02 -0.2343E+00  0.1066E+03 -0.3375E+00  0.7385E-02 -0.1212E-01  0.2268E+00 -0.3332E-06  0.3716E-01  0.6342E-03
     2  0.4250E+01  0.0000E+00  0.2537E+00  0.1547E-02 -0.4165E-02  0.1972E-02  0.4227E-06  0.4909E+04  0.4909E+04  0.1023E-01  0.2492E-01  0.5697E+01  0.1597E-01  0.5697E+01  0.5216E+00  0.2488E+00  0.4602E+00  0.1026E+03 -0.1974E+00 -0.1970E-01  0.4938E-02  0.1829E+00 -0.2513E-06  0.3630E-01  0.4544E-02
     3  0.8450E+01  0.0000E+00  0.2528E+00  0.1261E-02 -0.9112E-02  0.5303E-02  0.4369E-06  0.4804E+04  0.4804E+04  0.9464E-02  0.2182E-01  0.5702E+01  0.1441E-01  0.5702E+01  0.5258E+00  0.1757E+00  0.4270E+00  0.9546E+02 -0.1323E-01 -0.2675E-01 -0.1303E-01  0.1820E+00 -0.2264E-06  0.3686E-01  0.1923E-02
     4  0.1265E+02  0.0000E+00  0.2509E+00  0.1032E-02 -0.1285E-01  0.4275E-02  0.4500E-06  0.4852E+04  0.4852E+04  0.9038E-02  0.1945E-01  0.5526E+01  0.1338E-01  0.5526E+01  0.5316E+00  0.1767E+00  0.3827E+00  0.8984E+02  0.4909E-01 -0.2857E-01 -0.3722E-01  0.2602E+00 -0.3184E-06  0.3726E-01  0.2474E-02
     5  0.1685E+02  0.0000E+00  0.2461E+00  0.8452E-03 -0.1408E-01  0.5735E-02  0.4651E-06  0.4733E+04  0.4733E+04  0.8810E-02  0.1758E-01  0.5127E+01  0.1257E-01  0.5127E+01  0.5187E+00  0.1692E+00  0.3420E+00  0.9054E+02  0.7932E-01 -0.3667E-01 -0.2463E-01  0.2691E+00 -0.3323E-06  0.3537E-01  0.2098E-02
     6  0.2105E+02  0.0000E+00  0.2436E+00  0.7129E-03 -0.1450E-01  0.6453E-02  0.4793E-06  0.4713E+04  0.4713E+04  0.8787E-02  0.1621E-01  0.5487E+01  0.1208E-01  0.5487E+01  0.5074E+00  0.1764E+00  0.2984E+00  0.8495E+02 -0.8251E-01 -0.3596E-01 -0.2844E-01  0.1748E+00 -0.2618E-06  0.3753E-01  0.2255E-02
     7  0.2525E+02  0.0000E+00  0.2427E+00  0.6102E-03 -0.1291E-01  0.4543E-02  0.4947E-06  0.4584E+04  0.4584E+04  0.8547E-02  0.1493E-01  0.5156E+01  0.1148E-01  0.5156E+01  0.5161E+00  0.1609E+00  0.2658E+00  0.9161E+02 -0.1653E+00 -0.2965E-01 -0.4491E-01  0.2206E+00 -0.2903E-06  0.3530E-01  0.2009E-02
     8  0.2945E+02  0.0000E+00  0.2399E+00  0.5043E-03 -0.1160E-01  0.3050E-02  0.5105E-06  0.4455E+04  0.4455E+04  0.1353E-01  0.8302E-02  0.5168E+01  0.1073E-01  0.5168E+01  0.5211E+00  0.1813E+00  0.2360E+00  0.9213E+02 -0.6046E-01 -0.3883E-01 -0.4153E-01  0.2421E+00 -0.3548E-06  0.3457E-01  0.2437E-02
     9  0.3365E+02  0.0000E+00  0.2374E+00  0.4016E-03 -0.1232E-01  0.1657E-02  0.5256E-06  0.4402E+04  0.4402E+04  0.8171E-02  0.1251E-01  0.5161E+01  0.1024E-01  0.5161E+01  0.5123E+00  0.1739E+00  0.2024E+00  0.9231E+02  0.1879E-01 -0.2942E-01 -0.4377E-01  0.2604E+00 -0.3751E-06  0.3422E-01  0.2355E-02
    10  0.3785E+02  0.0000E+00  0.2348E+00  0.3088E-03 -0.1373E-01  0.2943E-02  0.5418E-06  0.4287E+04  0.4287E+04  0.1148E-01  0.7853E-02  0.4878E+01  0.9671E-02  0.4878E+01  0.5202E+00  0.1499E+00  0.1718E+00  0.9752E+02  0.3345E-01 -0.3159E-01 -0.4543E-01  0.2989E+00 -0.4239E-06  0.3214E-01  0.2916E-02
    11  0.4205E+02  0.0000E+00  0.2329E+00  0.2128E-03 -0.1311E-01  0.2608E-02  0.5573E-06  0.4234E+04  0.4234E+04  0.1058E-01  0.7827E-02  0.5036E+01  0.9284E-02  0.5036E+01  0.5146E+00  0.1571E+00  0.1276E+00  0.9502E+02 -0.4004E-01 -0.3712E-01 -0.4706E-01  0.2427E+00 -0.4136E-06  0.3292E-01  0.4975E-02
    12  0.4625E+02  0.0000E+00  0.2325E+00  0.1192E-03 -0.1387E-01  0.2277E-02  0.5739E-06  0.4102E+04  0.4102E+04  0.9551E-02  0.7604E-02  0.4805E+01  0.8721E-02  0.4804E+01  0.5196E+00  0.1312E+00  0.8825E-01  0.9997E+02 -0.9749E-01 -0.4611E-01 -0.5422E-01  0.2642E+00 -0.4676E-06  0.3143E-01  0.3053E-02
    13  0.5045E+02  0.0000E+00  0.2320E+00  0.3995E-04 -0.1320E-01  0.1863E-02  0.5898E-06  0.4018E+04  0.4018E+04  0.8742E-02  0.7486E-02  0.4769E+01  0.8307E-02  0.4769E+01  0.5219E+00  0.1265E+00  0.4813E-01  0.1014E+03 -0.9420E-01 -0.4673E-01 -0.6994E-01  0.2825E+00 -0.4973E-06  0.3104E-01  0.4665E-02
    14  0.5465E+02  0.0000E+00  0.2304E+00 -0.1486E-04 -0.1243E-01  0.1954E-02  0.6059E-06  0.3940E+04  0.3940E+04  0.8148E-02  0.7522E-02  0.4523E+01  0.8023E-02  0.4523E+01  0.5322E+00  0.1507E+00  0.1506E-01  0.1062E+03 -0.4125E-01 -0.3828E-01 -0.7869E-01  0.3626E+00 -0.5611E-06  0.2930E-01  0.2551E-02
    15  0.5885E+02  0.0000E+00  0.2292E+00 -0.5502E-04 -0.1235E-01  0.1989E-02  0.6216E-06  0.3889E+04  0.3889E+04  0.7619E-02  0.7334E-02  0.4481E+01  0.7700E-02  0.4480E+01  0.5407E+00  0.1365E+00 -0.1214E-01  0.1081E+03 -0.5628E-01 -0.4459E-01 -0.7383E-01  0.3378E+00 -0.5581E-06  0.2882E-01  0.2461E-02
    16  0.6305E+02  0.0000E+00  0.2277E+00 -0.9581E-04 -0.1255E-01  0.1722E-02  0.6373E-06  0.3850E+04  0.3850E+04  0.7388E-02  0.7206E-02  0.4419E+01  0.7500E-02  0.4419E+01  0.5328E+00  0.1250E+00 -0.3772E-01  0.1098E+03 -0.8441E-01 -0.4557E-01 -0.7427E-01  0.2722E+00 -0.5226E-06  0.2832E-01  0.2750E-02
    17  0.6725E+02  0.0000E+00  0.2270E+00 -0.1164E-03 -0.1253E-01  0.2603E-02  0.6531E-06  0.3801E+04  0.3801E+04  0.7194E-02  0.6753E-02  0.4391E+01  0.7132E-02  0.4391E+01  0.5346E+00  0.1303E+00 -0.5367E-01  0.1112E+03 -0.1154E+00 -0.4793E-01 -0.6862E-01  0.2947E+00 -0.5372E-06  0.2809E-01  0.3023E-02
    18  0.7145E+02  0.0000E+00  0.2262E+00 -0.1361E-03 -0.1334E-01  0.2764E-02  0.6688E-06  0.3761E+04  0.3761E+04  0.7002E-02  0.6379E-02  0.4184E+01  0.6830E-02  0.4184E+01  0.5497E+00  0.1648E+00 -0.6609E-01  0.1155E+03 -0.1148E+00 -0.4840E-01 -0.6639E-01  0.3440E+00 -0.5839E-06  0.2683E-01  0.4182E-02
    19  0.7565E+02  0.0000E+00  0.2247E+00 -0.1740E-03 -0.1188E-01  0.3458E-02  0.6847E-06  0.3711E+04  0.3711E+04  0.6833E-02  0.5896E-02  0.4060E+01  0.6534E-02  0.4060E+01  0.5525E+00  0.1318E+00 -0.1015E+00  0.1180E+03 -0.8308E-01 -0.4873E-01 -0.8159E-01  0.3553E+00 -0.6168E-06  0.2595E-01  0.3557E-02
    20  0.7985E+02  0.0000E+00  0.2231E+00 -0.1916E-03 -0.1102E-01  0.2086E-02  0.7005E-06  0.3673E+04  0.3673E+04  0.6764E-02  0.5512E-02  0.4037E+01  0.6243E-02  0.4037E+01  0.5489E+00  0.1450E+00 -0.1231E+00  0.1173E+03 -0.6646E-01 -0.3434E-01 -0.7211E-01  0.3500E+00 -0.6365E-06  0.2580E-01  0.3727E-02
    21  0.8405E+02  0.0000E+00  0.2220E+00 -0.2024E-03 -0.1099E-01  0.2658E-02  0.7168E-06  0.3611E+04  0.3611E+04  0.6461E-02  0.5147E-02  0.3942E+01  0.5903E-02  0.3942E+01  0.5566E+00  0.1341E+00 -0.1366E+00  0.1203E+03 -0.8113E-01 -0.4156E-01 -0.7594E-01  0.3319E+00 -0.6180E-06  0.2512E-01  0.3623E-02
    22  0.8825E+02  0.0000E+00  0.2211E+00 -0.2218E-03 -0.1192E-01  0.3406E-02  0.7333E-06  0.3553E+04  0.3553E+04  0.6221E-02  0.4730E-02  0.3728E+01  0.5561E-02  0.3728E+01  0.5517E+00  0.1544E+00 -0.1613E+00  0.1260E+03 -0.8632E-01 -0.4437E-01 -0.8592E-01  0.3921E+00 -0.7005E-06  0.2380E-01  0.4778E-02
    23  0.9245E+02  0.0000E+00  0.2201E+00 -0.2262E-03 -0.1170E-01  0.4152E-02  0.7494E-06  0.3514E+04  0.3514E+04  0.6034E-02  0.4463E-02  0.3566E+01  0.5307E-02  0.3566E+01  0.5638E+00  0.1472E+00 -0.1722E+00  0.1313E+03 -0.8584E-01 -0.4791E-01 -0.8495E-01  0.4198E+00 -0.7192E-06  0.2274E-01  0.3296E-02
    24  0.9665E+02  0.0000E+00  0.2189E+00 -0.2288E-03 -0.1129E-01  0.4317E-02  0.7657E-06  0.3473E+04  0.3473E+04  0.5852E-02  0.4235E-02  0.3386E+01  0.5092E-02  0.3386E+01  0.5629E+00  0.1475E+00 -0.1852E+00  0.1363E+03 -0.4799E-01 -0.5370E-01 -0.7794E-01  0.3709E+00 -0.7179E-06  0.2161E-01  0.3101E-02
    25  0.1008E+03  0.0000E+00  0.2181E+00 -0.2247E-03 -0.1037E-01  0.4316E-02  0.7818E-06  0.3436E+04  0.3436E+04  0.5701E-02  0.4001E-02  0.3453E+01  0.4868E-02  0.3453E+01  0.5548E+00  0.1230E+00 -0.1944E+00  0.1335E+03 -0.5706E-01 -0.5331E-01 -0.7231E-01  0.3733E+00 -0.6847E-06  0.2201E-01  0.3365E-02
    26  0.1050E+03  0.0000E+00  0.2174E+00 -0.2230E-03 -0.1110E-01  0.4326E-02  0.7982E-06  0.3382E+04  0.3382E+04  0.5393E-02  0.3763E-02  0.3230E+01  0.4599E-02  0.3230E+01  0.5626E+00  0.1514E+00 -0.1996E+00  0.1409E+03 -0.8451E-01 -0.4850E-01 -0.6540E-01  0.4537E+00 -0.7053E-06  0.2071E-01  0.2246E-02
    27  0.1092E+03  0.0000E+00  0.2165E+00 -0.2135E-03 -0.1066E-01  0.4699E-02  0.8141E-06  0.3356E+04  0.3356E+04  0.5213E-02  0.3686E-02  0.3088E+01  0.4477E-02  0.3088E+01  0.5581E+00  0.1625E+00 -0.1952E+00  0.1464E+03 -0.8226E-01 -0.4806E-01 -0.7443E-01  0.4460E+00 -0.7521E-06  0.1981E-01  0.5392E-02
    28  0.1135E+03  0.0000E+00  0.2157E+00 -0.2148E-03 -0.1063E-01  0.5029E-02  0.8300E-06  0.3327E+04  0.3327E+04  0.5057E-02  0.3470E-02  0.3066E+01  0.4267E-02  0.3066E+01  0.5569E+00  0.1443E+00 -0.2062E+00  0.1471E+03 -0.6081E-01 -0.5506E-01 -0.6183E-01  0.4135E+00 -0.8076E-06  0.1961E-01  0.3115E-02
    29  0.1177E+03  0.0000E+00  0.2153E+00 -0.2028E-03 -0.9889E-02  0.5301E-02  0.8461E-06  0.3306E+04  0.3306E+04  0.4761E-02  0.3319E-02  0.3005E+01  0.4061E-02  0.3005E+01  0.5628E+00  0.1729E+00 -0.2022E+00  0.1502E+03 -0.3468E-01 -0.4911E-01 -0.7317E-01  0.4709E+00 -0.8322E-06  0.1916E-01  0.2439E-02
    30  0.1218E+03  0.0000E+00  0.2152E+00 -0.2016E-03 -0.9809E-02  0.4443E-02  0.8621E-06  0.3286E+04  0.3286E+04  0.4669E-02  0.3194E-02  0.3038E+01  0.3947E-02  0.3038E+01  0.5633E+00  0.1527E+00 -0.2118E+00  0.1482E+03 -0.7230E-01 -0.5154E-01 -0.7755E-01  0.4996E+00 -0.8111E-06  0.1943E-01  0.4456E-02
    31  0.1260E+03  0.0000E+00  0.2147E+00 -0.1700E-03 -0.7239E-02  0.2669E-03  0.8781E-06  0.3267E+04  0.3267E+04  0.3143E-02  0.4486E-02  0.2828E+01  0.3822E-02  0.2828E+01  0.5740E+00  0.1616E+00 -0.1953E+00  0.1588E+03 -0.1183E+00 -0.4369E-01 -0.7935E-01  0.5395E+00 -0.8677E-06  0.1816E-01  0.1382E-02
    32  0.1302E+03  0.0000E+00  0.2144E+00 -0.5554E-04 -0.2149E-02 -0.2459E-02  0.8939E-06  0.3253E+04  0.3253E+04  0.3810E-02  0.3371E-02  0.2870E+01  0.3625E-02  0.2870E+01  0.6949E+00  0.2150E+00 -0.7028E-01  0.1576E+03 -0.1131E+00 -0.1659E-01 -0.7788E-01  0.5550E+00 -0.8646E-06  0.1833E-01  0.1860E-02
