 #VirtualDetector/Det                                                            
  output from Emitcalc version 1.0
  settings: 
    input file: for009.dat                              
    output file: emitcalc.out                            
    particle type:            2
    pzmin/pzmax:   0.10000000000000001      /  0.34999999999999998     
    vp model:            1
    trans/long cuts:    0.0000000000000000        0.0000000000000000     
    do not remove linear dispersions
    subtract out amplitude correlation
    not periodic in time
    sigma cut:    0.0000000000000000     

regn #   Z           Bz0         <Pz>        <Lcanon>    <x>         <y>         <t>         total #     # in cuts   emit_1      emit_2      emit_3      e_perp      e_long      beta_perp   alpha_perp  Ldim        beta_long   alpha_long  D_x         D_y         Corr_E      Corr_t      sigma_E     asymmetry
     1  0.4250E+01  0.0000E+00  0.2533E+00  0.1531E-02 -0.4049E-02  0.2042E-02  0.4229E-06  0.4905E+04  0.4905E+04  0.1033E-01  0.2488E-01  0.5748E+01  0.1604E-01  0.5748E+01  0.5161E+00  0.2376E+00  0.4540E+00  0.1029E+03 -0.2041E+00 -0.1848E-01  0.7113E-02  0.1663E+00 -0.2290E-06  0.3642E-01  0.4195E-02
     2  0.8450E+01  0.0000E+00  0.2524E+00  0.1261E-02 -0.9336E-02  0.5039E-02  0.4370E-06  0.4800E+04  0.4800E+04  0.9524E-02  0.2185E-01  0.5731E+01  0.1446E-01  0.5731E+01  0.5202E+00  0.1757E+00  0.4249E+00  0.9555E+02 -0.1246E-01 -0.2581E-01 -0.1100E-01  0.1818E+00 -0.2154E-06  0.3690E-01  0.2910E-02
     3  0.1265E+02  0.0000E+00  0.2509E+00  0.1026E-02 -0.1292E-01  0.4656E-02  0.4499E-06  0.4844E+04  0.4844E+04  0.9054E-02  0.1938E-01  0.5493E+01  0.1337E-01  0.5493E+01  0.5251E+00  0.1753E+00  0.3806E+00  0.8986E+02  0.5793E-01 -0.3086E-01 -0.3784E-01  0.2747E+00 -0.3028E-06  0.3717E-01  0.2556E-02
     4  0.1685E+02  0.0000E+00  0.2463E+00  0.8508E-03 -0.1454E-01  0.5896E-02  0.4651E-06  0.4742E+04  0.4742E+04  0.8879E-02  0.1772E-01  0.5239E+01  0.1269E-01  0.5239E+01  0.5225E+00  0.1634E+00  0.3405E+00  0.8995E+02  0.5400E-01 -0.4107E-01 -0.3031E-01  0.2390E+00 -0.2974E-06  0.3583E-01  0.2521E-02
     5  0.2105E+02  0.0000E+00  0.2435E+00  0.7083E-03 -0.1407E-01  0.5970E-02  0.4794E-06  0.4717E+04  0.4717E+04  0.8786E-02  0.1616E-01  0.5483E+01  0.1209E-01  0.5483E+01  0.5170E+00  0.1948E+00  0.2947E+00  0.8539E+02 -0.7805E-01 -0.4705E-01 -0.2812E-01  0.1960E+00 -0.2841E-06  0.3740E-01  0.3233E-02
     6  0.2525E+02  0.0000E+00  0.2418E+00  0.5768E-03 -0.1276E-01  0.4166E-02  0.4949E-06  0.4576E+04  0.4576E+04  0.8779E-02  0.1482E-01  0.5263E+01  0.1156E-01  0.5263E+01  0.5038E+00  0.1611E+00  0.2509E+00  0.8987E+02 -0.1545E+00 -0.3841E-01 -0.3574E-01  0.1864E+00 -0.2875E-06  0.3586E-01  0.1845E-02
     7  0.2945E+02  0.0000E+00  0.2393E+00  0.4765E-03 -0.1066E-01  0.2895E-02  0.5106E-06  0.4443E+04  0.4443E+04  0.1357E-01  0.8542E-02  0.5250E+01  0.1090E-01  0.5250E+01  0.5110E+00  0.1628E+00  0.2207E+00  0.9081E+02 -0.5641E-01 -0.3630E-01 -0.3051E-01  0.1851E+00 -0.3153E-06  0.3503E-01  0.1968E-02
     8  0.3365E+02  0.0000E+00  0.2375E+00  0.3779E-03 -0.1188E-01  0.2683E-02  0.5258E-06  0.4383E+04  0.4383E+04  0.1237E-01  0.8167E-02  0.5127E+01  0.1020E-01  0.5127E+01  0.5183E+00  0.1604E+00  0.1928E+00  0.9267E+02  0.2904E-01 -0.2709E-01 -0.4496E-01  0.2770E+00 -0.3959E-06  0.3406E-01  0.1939E-02
     9  0.3785E+02  0.0000E+00  0.2355E+00  0.2715E-03 -0.1329E-01  0.3086E-02  0.5418E-06  0.4282E+04  0.4282E+04  0.1127E-01  0.7950E-02  0.4879E+01  0.9695E-02  0.4879E+01  0.5196E+00  0.1442E+00  0.1515E+00  0.9784E+02  0.3462E-01 -0.3847E-01 -0.5503E-01  0.3109E+00 -0.4237E-06  0.3216E-01  0.1863E-02
    10  0.4205E+02  0.0000E+00  0.2334E+00  0.1976E-03 -0.1420E-01  0.2771E-02  0.5572E-06  0.4236E+04  0.4236E+04  0.1050E-01  0.7969E-02  0.5103E+01  0.9325E-02  0.5103E+01  0.5212E+00  0.1529E+00  0.1188E+00  0.9460E+02 -0.4526E-01 -0.3322E-01 -0.4959E-01  0.2025E+00 -0.3717E-06  0.3326E-01  0.2160E-02
    11  0.4625E+02  0.0000E+00  0.2326E+00  0.1093E-03 -0.1347E-01  0.2313E-02  0.5739E-06  0.4100E+04  0.4100E+04  0.9492E-02  0.7686E-02  0.4775E+01  0.8761E-02  0.4775E+01  0.5295E+00  0.1487E+00  0.7929E-01  0.1012E+03 -0.8900E-01 -0.3762E-01 -0.5950E-01  0.2652E+00 -0.4411E-06  0.3112E-01  0.3476E-02
    12  0.5045E+02  0.0000E+00  0.2317E+00  0.3955E-04 -0.1229E-01  0.1969E-02  0.5899E-06  0.4018E+04  0.4018E+04  0.8681E-02  0.7519E-02  0.4725E+01  0.8252E-02  0.4725E+01  0.5310E+00  0.1357E+00  0.4556E-01  0.1028E+03 -0.9076E-01 -0.3946E-01 -0.6208E-01  0.2771E+00 -0.4800E-06  0.3065E-01  0.3850E-02
    13  0.5465E+02  0.0000E+00  0.2306E+00 -0.6321E-05 -0.1218E-01  0.2423E-02  0.6060E-06  0.3948E+04  0.3948E+04  0.8172E-02  0.7451E-02  0.4581E+01  0.7977E-02  0.4581E+01  0.5311E+00  0.1581E+00  0.1897E-01  0.1056E+03 -0.5928E-01 -0.3377E-01 -0.6821E-01  0.3130E+00 -0.5251E-06  0.2960E-01  0.2262E-02
    14  0.5885E+02  0.0000E+00  0.2292E+00 -0.4990E-04 -0.1330E-01  0.2151E-02  0.6219E-06  0.3886E+04  0.3886E+04  0.7614E-02  0.7064E-02  0.4517E+01  0.7545E-02  0.4517E+01  0.5352E+00  0.1489E+00 -0.8709E-02  0.1086E+03 -0.5966E-01 -0.4444E-01 -0.7427E-01  0.3369E+00 -0.5222E-06  0.2888E-01  0.5454E-02
    15  0.6305E+02  0.0000E+00  0.2274E+00 -0.9486E-04 -0.1289E-01  0.1414E-02  0.6374E-06  0.3861E+04  0.3861E+04  0.7336E-02  0.6844E-02  0.4417E+01  0.7273E-02  0.4417E+01  0.5390E+00  0.1356E+00 -0.3547E-01  0.1108E+03 -0.6656E-01 -0.5165E-01 -0.6480E-01  0.3457E+00 -0.5372E-06  0.2813E-01  0.2332E-02
    16  0.6725E+02  0.0000E+00  0.2260E+00 -0.1323E-03 -0.1256E-01  0.2273E-02  0.6534E-06  0.3800E+04  0.3800E+04  0.7095E-02  0.6522E-02  0.4294E+01  0.6974E-02  0.4294E+01  0.5384E+00  0.1320E+00 -0.6506E-01  0.1137E+03 -0.9305E-01 -0.5332E-01 -0.6946E-01  0.2790E+00 -0.5146E-06  0.2732E-01  0.4648E-02
    17  0.7145E+02  0.0000E+00  0.2253E+00 -0.1624E-03 -0.1210E-01  0.3142E-02  0.6694E-06  0.3743E+04  0.3743E+04  0.7045E-02  0.6116E-02  0.4244E+01  0.6713E-02  0.4244E+01  0.5497E+00  0.1534E+00 -0.8953E-01  0.1135E+03 -0.9445E-01 -0.4716E-01 -0.6666E-01  0.3306E+00 -0.6108E-06  0.2713E-01  0.6273E-02
    18  0.7565E+02  0.0000E+00  0.2247E+00 -0.1840E-03 -0.1247E-01  0.3238E-02  0.6854E-06  0.3689E+04  0.3689E+04  0.6838E-02  0.5692E-02  0.4043E+01  0.6387E-02  0.4043E+01  0.5513E+00  0.1383E+00 -0.1125E+00  0.1191E+03 -0.8963E-01 -0.5087E-01 -0.6111E-01  0.3662E+00 -0.6320E-06  0.2579E-01  0.2819E-02
    19  0.7985E+02  0.0000E+00  0.2232E+00 -0.2055E-03 -0.1217E-01  0.2794E-02  0.7014E-06  0.3648E+04  0.3648E+04  0.6723E-02  0.5372E-02  0.4014E+01  0.6157E-02  0.4014E+01  0.5453E+00  0.1398E+00 -0.1334E+00  0.1190E+03 -0.6287E-01 -0.4751E-01 -0.7205E-01  0.3347E+00 -0.6542E-06  0.2555E-01  0.5556E-02
    20  0.8405E+02  0.0000E+00  0.2222E+00 -0.2230E-03 -0.1172E-01  0.2675E-02  0.7172E-06  0.3612E+04  0.3612E+04  0.6550E-02  0.5018E-02  0.3954E+01  0.5881E-02  0.3954E+01  0.5508E+00  0.1372E+00 -0.1527E+00  0.1218E+03 -0.6712E-01 -0.4423E-01 -0.8336E-01  0.3469E+00 -0.6466E-06  0.2498E-01  0.3239E-02
    21  0.8825E+02  0.0000E+00  0.2211E+00 -0.2331E-03 -0.1134E-01  0.3368E-02  0.7337E-06  0.3556E+04  0.3556E+04  0.6301E-02  0.4649E-02  0.3707E+01  0.5542E-02  0.3707E+01  0.5548E+00  0.1217E+00 -0.1728E+00  0.1283E+03 -0.7184E-01 -0.5207E-01 -0.8689E-01  0.4065E+00 -0.7300E-06  0.2350E-01  0.3074E-02
    22  0.9245E+02  0.0000E+00  0.2199E+00 -0.2205E-03 -0.1133E-01  0.4067E-02  0.7496E-06  0.3519E+04  0.3519E+04  0.5996E-02  0.4449E-02  0.3675E+01  0.5294E-02  0.3675E+01  0.5618E+00  0.1517E+00 -0.1728E+00  0.1291E+03 -0.8693E-01 -0.4643E-01 -0.7876E-01  0.3700E+00 -0.7232E-06  0.2327E-01  0.3997E-02
    23  0.9665E+02  0.0000E+00  0.2188E+00 -0.2425E-03 -0.1136E-01  0.3719E-02  0.7660E-06  0.3466E+04  0.3466E+04  0.5849E-02  0.4085E-02  0.3363E+01  0.5002E-02  0.3363E+01  0.5562E+00  0.1610E+00 -0.2039E+00  0.1379E+03 -0.4194E-01 -0.5200E-01 -0.7274E-01  0.4509E+00 -0.7847E-06  0.2140E-01  0.3247E-02
    24  0.1008E+03  0.0000E+00  0.2181E+00 -0.2432E-03 -0.1144E-01  0.3767E-02  0.7822E-06  0.3430E+04  0.3430E+04  0.5691E-02  0.3927E-02  0.3440E+01  0.4833E-02  0.3440E+01  0.5622E+00  0.1313E+00 -0.2087E+00  0.1344E+03 -0.3382E-01 -0.3763E-01 -0.6978E-01  0.4136E+00 -0.7609E-06  0.2187E-01  0.4682E-02
    25  0.1050E+03  0.0000E+00  0.2174E+00 -0.2370E-03 -0.1054E-01  0.4206E-02  0.7985E-06  0.3382E+04  0.3382E+04  0.5523E-02  0.3763E-02  0.3264E+01  0.4643E-02  0.3264E+01  0.5675E+00  0.1845E+00 -0.2106E+00  0.1407E+03 -0.5279E-01 -0.4352E-01 -0.7797E-01  0.3974E+00 -0.7695E-06  0.2079E-01  0.2885E-02
    26  0.1092E+03  0.0000E+00  0.2168E+00 -0.2367E-03 -0.1014E-01  0.4743E-02  0.8147E-06  0.3353E+04  0.3353E+04  0.5321E-02  0.3543E-02  0.3165E+01  0.4434E-02  0.3165E+01  0.5761E+00  0.1564E+00 -0.2226E+00  0.1453E+03 -0.8330E-01 -0.4787E-01 -0.8635E-01  0.4396E+00 -0.7285E-06  0.2015E-01  0.4015E-02
    27  0.1135E+03  0.0000E+00  0.2164E+00 -0.2369E-03 -0.1010E-01  0.4677E-02  0.8305E-06  0.3328E+04  0.3328E+04  0.5136E-02  0.3348E-02  0.3086E+01  0.4225E-02  0.3086E+01  0.5691E+00  0.1741E+00 -0.2349E+00  0.1492E+03 -0.9876E-01 -0.5540E-01 -0.6866E-01  0.4726E+00 -0.8052E-06  0.1964E-01  0.2823E-02
    28  0.1177E+03  0.0000E+00  0.2156E+00 -0.2256E-03 -0.1050E-01  0.5231E-02  0.8465E-06  0.3315E+04  0.3315E+04  0.3286E-02  0.4968E-02  0.3010E+01  0.4117E-02  0.3010E+01  0.5607E+00  0.1389E+00 -0.2274E+00  0.1528E+03 -0.8097E-01 -0.5061E-01 -0.6600E-01  0.4814E+00 -0.8142E-06  0.1908E-01  0.1790E-02
    29  0.1218E+03  0.0000E+00  0.2150E+00 -0.2193E-03 -0.1056E-01  0.4935E-02  0.8624E-06  0.3295E+04  0.3295E+04  0.4771E-02  0.3153E-02  0.3014E+01  0.3958E-02  0.3014E+01  0.5663E+00  0.1677E+00 -0.2294E+00  0.1524E+03 -0.5923E-01 -0.4878E-01 -0.7057E-01  0.4807E+00 -0.8079E-06  0.1906E-01  0.2315E-02
    30  0.1260E+03  0.0000E+00  0.2146E+00 -0.1907E-03 -0.6555E-02  0.4803E-04  0.8781E-06  0.3277E+04  0.3277E+04  0.4649E-02  0.3065E-02  0.2910E+01  0.3841E-02  0.2910E+01  0.5698E+00  0.1411E+00 -0.2239E+00  0.1571E+03 -0.5400E-01 -0.4499E-01 -0.8912E-01  0.5514E+00 -0.8548E-06  0.1842E-01  0.2462E-02
    31  0.1302E+03  0.0000E+00  0.2149E+00 -0.8100E-04 -0.1896E-02 -0.3223E-02  0.8941E-06  0.3258E+04  0.3258E+04  0.3908E-02  0.3232E-02  0.2908E+01  0.3595E-02  0.2908E+01  0.7153E+00  0.2177E+00 -0.1043E+00  0.1577E+03 -0.1098E+00 -0.1972E-01 -0.8369E-01  0.5911E+00 -0.9165E-06  0.1847E-01  0.2569E-02
